#
# There is insufficient memory for the Java Runtime Environment to continue.
# Native memory allocation (malloc) failed to allocate 166336 bytes for Chunk::new
# Possible reasons:
#   The system is out of physical RAM or swap space
#   The process is running with CompressedOops enabled, and the Java Heap may be blocking the growth of the native heap
# Possible solutions:
#   Reduce memory load on the system
#   Increase physical memory or swap space
#   Check if swap backing store is full
#   Decrease Java heap size (-Xmx/-Xms)
#   Decrease number of Java threads
#   Decrease Java thread stack sizes (-Xss)
#   Set larger code cache with -XX:ReservedCodeCacheSize=
#   JVM is running with Unscaled Compressed Oops mode in which the Java heap is
#     placed in the first 4GB address space. The Java Heap base address is the
#     maximum limit for the native heap growth. Please use -XX:HeapBaseMinAddress
#     to set the Java Heap base and to place the Java Heap above 4GB virtual address.
# This output file may be truncated or incomplete.
#
#  Out of Memory Error (./open/src/hotspot/share/memory/arena.cpp:195), pid=8164, tid=13708
#
# JRE version: Java(TM) SE Runtime Environment (15.0+36) (build 15+36-1562)
# Java VM: Java HotSpot(TM) 64-Bit Server VM (15+36-1562, mixed mode, sharing, tiered, compressed oops, g1 gc, windows-amd64)
# No core dump will be written. Minidumps are not enabled by default on client versions of Windows
#

---------------  S U M M A R Y ------------

Command Line: -Dfile.encoding=UTF-8 is_tp1_sockets.IS_TP1_ServerSocketCow

Host: Intel(R) Core(TM) i5-6360U CPU @ 2.00GHz, 4 cores, 7G,  Windows 10 , 64 bit Build 18362 (10.0.18362.1350)
Time: Sat Apr 17 20:18:00 2021 Hora de Verão de GMT elapsed time: 33.477150 seconds (0d 0h 0m 33s)

---------------  T H R E A D  ---------------

Current thread (0x000001e14695b1f0):  JavaThread "C2 CompilerThread0" daemon [_thread_in_native, id=13708, stack(0x000000556c600000,0x000000556c700000)]


Current CompileTask:
C2:  33477 1658       4       com.sun.xml.bind.v2.model.annotation.RuntimeInlineAnnotationReader::getPackageAnnotation (11 bytes)

Stack: [0x000000556c600000,0x000000556c700000]
Native frames: (J=compiled Java code, j=interpreted, Vv=VM code, C=native code)
V  [jvm.dll+0x629eaa]
V  [jvm.dll+0x780379]
V  [jvm.dll+0x781ad3]
V  [jvm.dll+0x782133]
V  [jvm.dll+0x2159d5]
V  [jvm.dll+0x9794a]
V  [jvm.dll+0x9802c]
V  [jvm.dll+0x27992f]
V  [jvm.dll+0x53faf4]
V  [jvm.dll+0x1f23a4]
V  [jvm.dll+0x1ebb47]
V  [jvm.dll+0x1e8f37]
V  [jvm.dll+0x177f17]
V  [jvm.dll+0x1f88f5]
V  [jvm.dll+0x1f699c]
V  [jvm.dll+0x74384d]
V  [jvm.dll+0x73c64a]
V  [jvm.dll+0x628d16]
C  [ucrtbase.dll+0x210b2]
C  [KERNEL32.DLL+0x17c24]
C  [ntdll.dll+0x6d721]


---------------  P R O C E S S  ---------------

Threads class SMR info:
_java_thread_list=0x000001e147872540, length=12, elements={
0x000001e128780230, 0x000001e14693e5d0, 0x000001e14693f1a0, 0x000001e146952130,
0x000001e146954bf0, 0x000001e1469586c0, 0x000001e14695b1f0, 0x000001e14695f4b0,
0x000001e146962ae0, 0x000001e1473b4bc0, 0x000001e1473f1890, 0x000001e147b46990
}

Java Threads: ( => current thread )
  0x000001e128780230 JavaThread "main" [_thread_in_native, id=10752, stack(0x000000556ba00000,0x000000556bb00000)]
  0x000001e14693e5d0 JavaThread "Reference Handler" daemon [_thread_blocked, id=10632, stack(0x000000556c100000,0x000000556c200000)]
  0x000001e14693f1a0 JavaThread "Finalizer" daemon [_thread_blocked, id=10808, stack(0x000000556c200000,0x000000556c300000)]
  0x000001e146952130 JavaThread "Signal Dispatcher" daemon [_thread_blocked, id=10428, stack(0x000000556c300000,0x000000556c400000)]
  0x000001e146954bf0 JavaThread "Attach Listener" daemon [_thread_blocked, id=10948, stack(0x000000556c400000,0x000000556c500000)]
  0x000001e1469586c0 JavaThread "Service Thread" daemon [_thread_blocked, id=6496, stack(0x000000556c500000,0x000000556c600000)]
=>0x000001e14695b1f0 JavaThread "C2 CompilerThread0" daemon [_thread_in_native, id=13708, stack(0x000000556c600000,0x000000556c700000)]
  0x000001e14695f4b0 JavaThread "C1 CompilerThread0" daemon [_thread_blocked, id=9112, stack(0x000000556c700000,0x000000556c800000)]
  0x000001e146962ae0 JavaThread "Sweeper thread" daemon [_thread_blocked, id=68, stack(0x000000556c800000,0x000000556c900000)]
  0x000001e1473b4bc0 JavaThread "Notification Thread" daemon [_thread_blocked, id=11880, stack(0x000000556c900000,0x000000556ca00000)]
  0x000001e1473f1890 JavaThread "Common-Cleaner" daemon [_thread_blocked, id=9988, stack(0x000000556cb00000,0x000000556cc00000)]
  0x000001e147b46990 JavaThread "C2 CompilerThread1" daemon [_thread_new, id=4484, stack(0x0000000000000000,0x0000000000000000)]

Other Threads:
  0x000001e146936930 VMThread "VM Thread" [stack: 0x000000556c000000,0x000000556c100000] [id=13824]
  0x000001e1473fa140 WatcherThread [stack: 0x000000556ca00000,0x000000556cb00000] [id=2804]
  0x000001e1287c0d10 GCTaskThread "GC Thread#0" [stack: 0x000000556bb00000,0x000000556bc00000] [id=6932]
  0x000001e1473a7bc0 GCTaskThread "GC Thread#1" [stack: 0x000000556cc00000,0x000000556cd00000] [id=14596]
  0x000001e1473a7ef0 GCTaskThread "GC Thread#2" [stack: 0x000000556cd00000,0x000000556ce00000] [id=14900]
  0x000001e1287d1be0 ConcurrentGCThread "G1 Main Marker" [stack: 0x000000556bc00000,0x000000556bd00000] [id=2440]
  0x000001e1287d2ff0 ConcurrentGCThread "G1 Conc#0" [stack: 0x000000556bd00000,0x000000556be00000] [id=14584]
  0x000001e12884a4f0 ConcurrentGCThread "G1 Refine#0" [stack: 0x000000556be00000,0x000000556bf00000] [id=8152]
  0x000001e12884b170 ConcurrentGCThread "G1 Young RemSet Sampling" [stack: 0x000000556bf00000,0x000000556c000000] [id=1944]

Threads with active compile tasks:
C2 CompilerThread0    33534 1658       4       com.sun.xml.bind.v2.model.annotation.RuntimeInlineAnnotationReader::getPackageAnnotation (11 bytes)

VM state: not at safepoint (normal execution)

VM Mutex/Monitor currently owned by a thread: None

Heap address: 0x0000000082000000, size: 2016 MB, Compressed Oops mode: 32-bit
CDS archive(s) mapped at: [0x0000000800000000-0x0000000800b50000-0x0000000800b50000), size 11862016, SharedBaseAddress: 0x0000000800000000, ArchiveRelocationMode: 0.
Compressed class space mapped at: 0x0000000800b50000-0x0000000840b50000, size: 1073741824
Narrow klass base: 0x0000000800000000, Narrow klass shift: 3, Narrow klass range: 0x100000000

GC Precious Log:
 CPUs: 4 total, 4 available
 Memory: 8056M
 Large Page Support: Disabled
 NUMA Support: Disabled
 Compressed Oops: Enabled (32-bit)
 Heap Region Size: 1M
 Heap Min Capacity: 8M
 Heap Initial Capacity: 126M
 Heap Max Capacity: 2016M
 Pre-touch: Disabled
 Parallel Workers: 4
 Concurrent Workers: 1
 Concurrent Refinement Workers: 4
 Periodic GC: Disabled

Heap:
 garbage-first heap   total 129024K, used 21052K [0x0000000082000000, 0x0000000100000000)
  region size 1024K, 20 young (20480K), 1 survivors (1024K)
 Metaspace       used 6051K, capacity 6911K, committed 7168K, reserved 1056768K
  class space    used 605K, capacity 711K, committed 768K, reserved 1048576K

Heap Regions: E=young(eden), S=young(survivor), O=old, HS=humongous(starts), HC=humongous(continues), CS=collection set, F=free, OA=open archive, CA=closed archive, TAMS=top-at-mark-start (previous, next)
|   0|0x0000000082000000, 0x0000000082100000, 0x0000000082100000|100%| O|  |TAMS 0x0000000082000000, 0x0000000082000000| Untracked 
|   1|0x0000000082100000, 0x00000000821ad400, 0x0000000082200000| 67%| O|  |TAMS 0x0000000082100000, 0x0000000082100000| Untracked 
|   2|0x0000000082200000, 0x0000000082200000, 0x0000000082300000|  0%| F|  |TAMS 0x0000000082200000, 0x0000000082200000| Untracked 
|   3|0x0000000082300000, 0x0000000082300000, 0x0000000082400000|  0%| F|  |TAMS 0x0000000082300000, 0x0000000082300000| Untracked 
|   4|0x0000000082400000, 0x0000000082400000, 0x0000000082500000|  0%| F|  |TAMS 0x0000000082400000, 0x0000000082400000| Untracked 
|   5|0x0000000082500000, 0x0000000082500000, 0x0000000082600000|  0%| F|  |TAMS 0x0000000082500000, 0x0000000082500000| Untracked 
|   6|0x0000000082600000, 0x0000000082600000, 0x0000000082700000|  0%| F|  |TAMS 0x0000000082600000, 0x0000000082600000| Untracked 
|   7|0x0000000082700000, 0x0000000082700000, 0x0000000082800000|  0%| F|  |TAMS 0x0000000082700000, 0x0000000082700000| Untracked 
|   8|0x0000000082800000, 0x0000000082800000, 0x0000000082900000|  0%| F|  |TAMS 0x0000000082800000, 0x0000000082800000| Untracked 
|   9|0x0000000082900000, 0x0000000082900000, 0x0000000082a00000|  0%| F|  |TAMS 0x0000000082900000, 0x0000000082900000| Untracked 
|  10|0x0000000082a00000, 0x0000000082a00000, 0x0000000082b00000|  0%| F|  |TAMS 0x0000000082a00000, 0x0000000082a00000| Untracked 
|  11|0x0000000082b00000, 0x0000000082b00000, 0x0000000082c00000|  0%| F|  |TAMS 0x0000000082b00000, 0x0000000082b00000| Untracked 
|  12|0x0000000082c00000, 0x0000000082c00000, 0x0000000082d00000|  0%| F|  |TAMS 0x0000000082c00000, 0x0000000082c00000| Untracked 
|  13|0x0000000082d00000, 0x0000000082d00000, 0x0000000082e00000|  0%| F|  |TAMS 0x0000000082d00000, 0x0000000082d00000| Untracked 
|  14|0x0000000082e00000, 0x0000000082e00000, 0x0000000082f00000|  0%| F|  |TAMS 0x0000000082e00000, 0x0000000082e00000| Untracked 
|  15|0x0000000082f00000, 0x0000000082f00000, 0x0000000083000000|  0%| F|  |TAMS 0x0000000082f00000, 0x0000000082f00000| Untracked 
|  16|0x0000000083000000, 0x0000000083000000, 0x0000000083100000|  0%| F|  |TAMS 0x0000000083000000, 0x0000000083000000| Untracked 
|  17|0x0000000083100000, 0x0000000083100000, 0x0000000083200000|  0%| F|  |TAMS 0x0000000083100000, 0x0000000083100000| Untracked 
|  18|0x0000000083200000, 0x0000000083200000, 0x0000000083300000|  0%| F|  |TAMS 0x0000000083200000, 0x0000000083200000| Untracked 
|  19|0x0000000083300000, 0x0000000083300000, 0x0000000083400000|  0%| F|  |TAMS 0x0000000083300000, 0x0000000083300000| Untracked 
|  20|0x0000000083400000, 0x0000000083400000, 0x0000000083500000|  0%| F|  |TAMS 0x0000000083400000, 0x0000000083400000| Untracked 
|  21|0x0000000083500000, 0x0000000083500000, 0x0000000083600000|  0%| F|  |TAMS 0x0000000083500000, 0x0000000083500000| Untracked 
|  22|0x0000000083600000, 0x0000000083600000, 0x0000000083700000|  0%| F|  |TAMS 0x0000000083600000, 0x0000000083600000| Untracked 
|  23|0x0000000083700000, 0x0000000083700000, 0x0000000083800000|  0%| F|  |TAMS 0x0000000083700000, 0x0000000083700000| Untracked 
|  24|0x0000000083800000, 0x0000000083800000, 0x0000000083900000|  0%| F|  |TAMS 0x0000000083800000, 0x0000000083800000| Untracked 
|  25|0x0000000083900000, 0x0000000083900000, 0x0000000083a00000|  0%| F|  |TAMS 0x0000000083900000, 0x0000000083900000| Untracked 
|  26|0x0000000083a00000, 0x0000000083a00000, 0x0000000083b00000|  0%| F|  |TAMS 0x0000000083a00000, 0x0000000083a00000| Untracked 
|  27|0x0000000083b00000, 0x0000000083b00000, 0x0000000083c00000|  0%| F|  |TAMS 0x0000000083b00000, 0x0000000083b00000| Untracked 
|  28|0x0000000083c00000, 0x0000000083c00000, 0x0000000083d00000|  0%| F|  |TAMS 0x0000000083c00000, 0x0000000083c00000| Untracked 
|  29|0x0000000083d00000, 0x0000000083d00000, 0x0000000083e00000|  0%| F|  |TAMS 0x0000000083d00000, 0x0000000083d00000| Untracked 
|  30|0x0000000083e00000, 0x0000000083e00000, 0x0000000083f00000|  0%| F|  |TAMS 0x0000000083e00000, 0x0000000083e00000| Untracked 
|  31|0x0000000083f00000, 0x0000000083f00000, 0x0000000084000000|  0%| F|  |TAMS 0x0000000083f00000, 0x0000000083f00000| Untracked 
|  32|0x0000000084000000, 0x0000000084000000, 0x0000000084100000|  0%| F|  |TAMS 0x0000000084000000, 0x0000000084000000| Untracked 
|  33|0x0000000084100000, 0x0000000084100000, 0x0000000084200000|  0%| F|  |TAMS 0x0000000084100000, 0x0000000084100000| Untracked 
|  34|0x0000000084200000, 0x0000000084200000, 0x0000000084300000|  0%| F|  |TAMS 0x0000000084200000, 0x0000000084200000| Untracked 
|  35|0x0000000084300000, 0x0000000084300000, 0x0000000084400000|  0%| F|  |TAMS 0x0000000084300000, 0x0000000084300000| Untracked 
|  36|0x0000000084400000, 0x0000000084400000, 0x0000000084500000|  0%| F|  |TAMS 0x0000000084400000, 0x0000000084400000| Untracked 
|  37|0x0000000084500000, 0x0000000084500000, 0x0000000084600000|  0%| F|  |TAMS 0x0000000084500000, 0x0000000084500000| Untracked 
|  38|0x0000000084600000, 0x0000000084600000, 0x0000000084700000|  0%| F|  |TAMS 0x0000000084600000, 0x0000000084600000| Untracked 
|  39|0x0000000084700000, 0x0000000084700000, 0x0000000084800000|  0%| F|  |TAMS 0x0000000084700000, 0x0000000084700000| Untracked 
|  40|0x0000000084800000, 0x0000000084800000, 0x0000000084900000|  0%| F|  |TAMS 0x0000000084800000, 0x0000000084800000| Untracked 
|  41|0x0000000084900000, 0x0000000084900000, 0x0000000084a00000|  0%| F|  |TAMS 0x0000000084900000, 0x0000000084900000| Untracked 
|  42|0x0000000084a00000, 0x0000000084a00000, 0x0000000084b00000|  0%| F|  |TAMS 0x0000000084a00000, 0x0000000084a00000| Untracked 
|  43|0x0000000084b00000, 0x0000000084b00000, 0x0000000084c00000|  0%| F|  |TAMS 0x0000000084b00000, 0x0000000084b00000| Untracked 
|  44|0x0000000084c00000, 0x0000000084c00000, 0x0000000084d00000|  0%| F|  |TAMS 0x0000000084c00000, 0x0000000084c00000| Untracked 
|  45|0x0000000084d00000, 0x0000000084d00000, 0x0000000084e00000|  0%| F|  |TAMS 0x0000000084d00000, 0x0000000084d00000| Untracked 
|  46|0x0000000084e00000, 0x0000000084e00000, 0x0000000084f00000|  0%| F|  |TAMS 0x0000000084e00000, 0x0000000084e00000| Untracked 
|  47|0x0000000084f00000, 0x0000000084f00000, 0x0000000085000000|  0%| F|  |TAMS 0x0000000084f00000, 0x0000000084f00000| Untracked 
|  48|0x0000000085000000, 0x0000000085000000, 0x0000000085100000|  0%| F|  |TAMS 0x0000000085000000, 0x0000000085000000| Untracked 
|  49|0x0000000085100000, 0x0000000085100000, 0x0000000085200000|  0%| F|  |TAMS 0x0000000085100000, 0x0000000085100000| Untracked 
|  50|0x0000000085200000, 0x0000000085200000, 0x0000000085300000|  0%| F|  |TAMS 0x0000000085200000, 0x0000000085200000| Untracked 
|  51|0x0000000085300000, 0x0000000085300000, 0x0000000085400000|  0%| F|  |TAMS 0x0000000085300000, 0x0000000085300000| Untracked 
|  52|0x0000000085400000, 0x0000000085400000, 0x0000000085500000|  0%| F|  |TAMS 0x0000000085400000, 0x0000000085400000| Untracked 
|  53|0x0000000085500000, 0x0000000085500000, 0x0000000085600000|  0%| F|  |TAMS 0x0000000085500000, 0x0000000085500000| Untracked 
|  54|0x0000000085600000, 0x0000000085600000, 0x0000000085700000|  0%| F|  |TAMS 0x0000000085600000, 0x0000000085600000| Untracked 
|  55|0x0000000085700000, 0x0000000085700000, 0x0000000085800000|  0%| F|  |TAMS 0x0000000085700000, 0x0000000085700000| Untracked 
|  56|0x0000000085800000, 0x0000000085800000, 0x0000000085900000|  0%| F|  |TAMS 0x0000000085800000, 0x0000000085800000| Untracked 
|  57|0x0000000085900000, 0x0000000085900000, 0x0000000085a00000|  0%| F|  |TAMS 0x0000000085900000, 0x0000000085900000| Untracked 
|  58|0x0000000085a00000, 0x0000000085a00000, 0x0000000085b00000|  0%| F|  |TAMS 0x0000000085a00000, 0x0000000085a00000| Untracked 
|  59|0x0000000085b00000, 0x0000000085b00000, 0x0000000085c00000|  0%| F|  |TAMS 0x0000000085b00000, 0x0000000085b00000| Untracked 
|  60|0x0000000085c00000, 0x0000000085c00000, 0x0000000085d00000|  0%| F|  |TAMS 0x0000000085c00000, 0x0000000085c00000| Untracked 
|  61|0x0000000085d00000, 0x0000000085d00000, 0x0000000085e00000|  0%| F|  |TAMS 0x0000000085d00000, 0x0000000085d00000| Untracked 
|  62|0x0000000085e00000, 0x0000000085e00000, 0x0000000085f00000|  0%| F|  |TAMS 0x0000000085e00000, 0x0000000085e00000| Untracked 
|  63|0x0000000085f00000, 0x0000000085f00000, 0x0000000086000000|  0%| F|  |TAMS 0x0000000085f00000, 0x0000000085f00000| Untracked 
|  64|0x0000000086000000, 0x0000000086000000, 0x0000000086100000|  0%| F|  |TAMS 0x0000000086000000, 0x0000000086000000| Untracked 
|  65|0x0000000086100000, 0x0000000086100000, 0x0000000086200000|  0%| F|  |TAMS 0x0000000086100000, 0x0000000086100000| Untracked 
|  66|0x0000000086200000, 0x0000000086200000, 0x0000000086300000|  0%| F|  |TAMS 0x0000000086200000, 0x0000000086200000| Untracked 
|  67|0x0000000086300000, 0x0000000086300000, 0x0000000086400000|  0%| F|  |TAMS 0x0000000086300000, 0x0000000086300000| Untracked 
|  68|0x0000000086400000, 0x0000000086400000, 0x0000000086500000|  0%| F|  |TAMS 0x0000000086400000, 0x0000000086400000| Untracked 
|  69|0x0000000086500000, 0x0000000086500000, 0x0000000086600000|  0%| F|  |TAMS 0x0000000086500000, 0x0000000086500000| Untracked 
|  70|0x0000000086600000, 0x0000000086600000, 0x0000000086700000|  0%| F|  |TAMS 0x0000000086600000, 0x0000000086600000| Untracked 
|  71|0x0000000086700000, 0x0000000086700000, 0x0000000086800000|  0%| F|  |TAMS 0x0000000086700000, 0x0000000086700000| Untracked 
|  72|0x0000000086800000, 0x0000000086800000, 0x0000000086900000|  0%| F|  |TAMS 0x0000000086800000, 0x0000000086800000| Untracked 
|  73|0x0000000086900000, 0x0000000086900000, 0x0000000086a00000|  0%| F|  |TAMS 0x0000000086900000, 0x0000000086900000| Untracked 
|  74|0x0000000086a00000, 0x0000000086a00000, 0x0000000086b00000|  0%| F|  |TAMS 0x0000000086a00000, 0x0000000086a00000| Untracked 
|  75|0x0000000086b00000, 0x0000000086b00000, 0x0000000086c00000|  0%| F|  |TAMS 0x0000000086b00000, 0x0000000086b00000| Untracked 
|  76|0x0000000086c00000, 0x0000000086c00000, 0x0000000086d00000|  0%| F|  |TAMS 0x0000000086c00000, 0x0000000086c00000| Untracked 
|  77|0x0000000086d00000, 0x0000000086d00000, 0x0000000086e00000|  0%| F|  |TAMS 0x0000000086d00000, 0x0000000086d00000| Untracked 
|  78|0x0000000086e00000, 0x0000000086e00000, 0x0000000086f00000|  0%| F|  |TAMS 0x0000000086e00000, 0x0000000086e00000| Untracked 
|  79|0x0000000086f00000, 0x0000000086f00000, 0x0000000087000000|  0%| F|  |TAMS 0x0000000086f00000, 0x0000000086f00000| Untracked 
|  80|0x0000000087000000, 0x0000000087000000, 0x0000000087100000|  0%| F|  |TAMS 0x0000000087000000, 0x0000000087000000| Untracked 
|  81|0x0000000087100000, 0x0000000087100000, 0x0000000087200000|  0%| F|  |TAMS 0x0000000087100000, 0x0000000087100000| Untracked 
|  82|0x0000000087200000, 0x0000000087200000, 0x0000000087300000|  0%| F|  |TAMS 0x0000000087200000, 0x0000000087200000| Untracked 
|  83|0x0000000087300000, 0x0000000087300000, 0x0000000087400000|  0%| F|  |TAMS 0x0000000087300000, 0x0000000087300000| Untracked 
|  84|0x0000000087400000, 0x0000000087400000, 0x0000000087500000|  0%| F|  |TAMS 0x0000000087400000, 0x0000000087400000| Untracked 
|  85|0x0000000087500000, 0x0000000087500000, 0x0000000087600000|  0%| F|  |TAMS 0x0000000087500000, 0x0000000087500000| Untracked 
|  86|0x0000000087600000, 0x0000000087600000, 0x0000000087700000|  0%| F|  |TAMS 0x0000000087600000, 0x0000000087600000| Untracked 
|  87|0x0000000087700000, 0x0000000087700000, 0x0000000087800000|  0%| F|  |TAMS 0x0000000087700000, 0x0000000087700000| Untracked 
|  88|0x0000000087800000, 0x0000000087800000, 0x0000000087900000|  0%| F|  |TAMS 0x0000000087800000, 0x0000000087800000| Untracked 
|  89|0x0000000087900000, 0x0000000087900000, 0x0000000087a00000|  0%| F|  |TAMS 0x0000000087900000, 0x0000000087900000| Untracked 
|  90|0x0000000087a00000, 0x0000000087a00000, 0x0000000087b00000|  0%| F|  |TAMS 0x0000000087a00000, 0x0000000087a00000| Untracked 
|  91|0x0000000087b00000, 0x0000000087b00000, 0x0000000087c00000|  0%| F|  |TAMS 0x0000000087b00000, 0x0000000087b00000| Untracked 
|  92|0x0000000087c00000, 0x0000000087c00000, 0x0000000087d00000|  0%| F|  |TAMS 0x0000000087c00000, 0x0000000087c00000| Untracked 
|  93|0x0000000087d00000, 0x0000000087d00000, 0x0000000087e00000|  0%| F|  |TAMS 0x0000000087d00000, 0x0000000087d00000| Untracked 
|  94|0x0000000087e00000, 0x0000000087e00000, 0x0000000087f00000|  0%| F|  |TAMS 0x0000000087e00000, 0x0000000087e00000| Untracked 
|  95|0x0000000087f00000, 0x0000000087f00000, 0x0000000088000000|  0%| F|  |TAMS 0x0000000087f00000, 0x0000000087f00000| Untracked 
|  96|0x0000000088000000, 0x0000000088000000, 0x0000000088100000|  0%| F|  |TAMS 0x0000000088000000, 0x0000000088000000| Untracked 
|  97|0x0000000088100000, 0x0000000088100000, 0x0000000088200000|  0%| F|  |TAMS 0x0000000088100000, 0x0000000088100000| Untracked 
|  98|0x0000000088200000, 0x0000000088200000, 0x0000000088300000|  0%| F|  |TAMS 0x0000000088200000, 0x0000000088200000| Untracked 
|  99|0x0000000088300000, 0x0000000088300000, 0x0000000088400000|  0%| F|  |TAMS 0x0000000088300000, 0x0000000088300000| Untracked 
| 100|0x0000000088400000, 0x0000000088400000, 0x0000000088500000|  0%| F|  |TAMS 0x0000000088400000, 0x0000000088400000| Untracked 
| 101|0x0000000088500000, 0x0000000088500000, 0x0000000088600000|  0%| F|  |TAMS 0x0000000088500000, 0x0000000088500000| Untracked 
| 102|0x0000000088600000, 0x0000000088600000, 0x0000000088700000|  0%| F|  |TAMS 0x0000000088600000, 0x0000000088600000| Untracked 
| 103|0x0000000088700000, 0x0000000088700000, 0x0000000088800000|  0%| F|  |TAMS 0x0000000088700000, 0x0000000088700000| Untracked 
| 104|0x0000000088800000, 0x0000000088800000, 0x0000000088900000|  0%| F|  |TAMS 0x0000000088800000, 0x0000000088800000| Untracked 
| 105|0x0000000088900000, 0x0000000088900000, 0x0000000088a00000|  0%| F|  |TAMS 0x0000000088900000, 0x0000000088900000| Untracked 
| 106|0x0000000088a00000, 0x0000000088ae1f00, 0x0000000088b00000| 88%| S|CS|TAMS 0x0000000088a00000, 0x0000000088a00000| Complete 
| 107|0x0000000088b00000, 0x0000000088b80d98, 0x0000000088c00000| 50%| E|  |TAMS 0x0000000088b00000, 0x0000000088b00000| Complete 
| 108|0x0000000088c00000, 0x0000000088d00000, 0x0000000088d00000|100%| E|CS|TAMS 0x0000000088c00000, 0x0000000088c00000| Complete 
| 109|0x0000000088d00000, 0x0000000088e00000, 0x0000000088e00000|100%| E|CS|TAMS 0x0000000088d00000, 0x0000000088d00000| Complete 
| 110|0x0000000088e00000, 0x0000000088f00000, 0x0000000088f00000|100%| E|CS|TAMS 0x0000000088e00000, 0x0000000088e00000| Complete 
| 111|0x0000000088f00000, 0x0000000089000000, 0x0000000089000000|100%| E|CS|TAMS 0x0000000088f00000, 0x0000000088f00000| Complete 
| 112|0x0000000089000000, 0x0000000089100000, 0x0000000089100000|100%| E|CS|TAMS 0x0000000089000000, 0x0000000089000000| Complete 
| 113|0x0000000089100000, 0x0000000089200000, 0x0000000089200000|100%| E|CS|TAMS 0x0000000089100000, 0x0000000089100000| Complete 
| 114|0x0000000089200000, 0x0000000089300000, 0x0000000089300000|100%| E|CS|TAMS 0x0000000089200000, 0x0000000089200000| Complete 
| 115|0x0000000089300000, 0x0000000089400000, 0x0000000089400000|100%| E|CS|TAMS 0x0000000089300000, 0x0000000089300000| Complete 
| 116|0x0000000089400000, 0x0000000089500000, 0x0000000089500000|100%| E|CS|TAMS 0x0000000089400000, 0x0000000089400000| Complete 
| 117|0x0000000089500000, 0x0000000089600000, 0x0000000089600000|100%| E|CS|TAMS 0x0000000089500000, 0x0000000089500000| Complete 
| 118|0x0000000089600000, 0x0000000089700000, 0x0000000089700000|100%| E|CS|TAMS 0x0000000089600000, 0x0000000089600000| Complete 
| 119|0x0000000089700000, 0x0000000089800000, 0x0000000089800000|100%| E|CS|TAMS 0x0000000089700000, 0x0000000089700000| Complete 
| 120|0x0000000089800000, 0x0000000089900000, 0x0000000089900000|100%| E|CS|TAMS 0x0000000089800000, 0x0000000089800000| Complete 
| 121|0x0000000089900000, 0x0000000089a00000, 0x0000000089a00000|100%| E|CS|TAMS 0x0000000089900000, 0x0000000089900000| Complete 
| 122|0x0000000089a00000, 0x0000000089b00000, 0x0000000089b00000|100%| E|CS|TAMS 0x0000000089a00000, 0x0000000089a00000| Complete 
| 123|0x0000000089b00000, 0x0000000089c00000, 0x0000000089c00000|100%| E|CS|TAMS 0x0000000089b00000, 0x0000000089b00000| Complete 
| 124|0x0000000089c00000, 0x0000000089d00000, 0x0000000089d00000|100%| E|CS|TAMS 0x0000000089c00000, 0x0000000089c00000| Complete 
| 125|0x0000000089d00000, 0x0000000089e00000, 0x0000000089e00000|100%| E|CS|TAMS 0x0000000089d00000, 0x0000000089d00000| Complete 

Card table byte_map: [0x000001e13fda0000,0x000001e140190000] _byte_map_base: 0x000001e13f990000

Marking Bits (Prev, Next): (CMBitMap*) 0x000001e1287c1580, (CMBitMap*) 0x000001e1287c15c0
 Prev Bits: [0x000001e140580000, 0x000001e142500000)
 Next Bits: [0x000001e142500000, 0x000001e144480000)

Polling page: 0x000001e126590000

Metaspace:

Usage:
  Non-class:      6.05 MB capacity,     5.32 MB ( 88%) used,   746.52 KB ( 12%) free+waste,     6.69 KB ( <1%) overhead. 
      Class:    711.00 KB capacity,   605.14 KB ( 85%) used,   103.05 KB ( 14%) free+waste,     2.81 KB ( <1%) overhead. 
       Both:      6.75 MB capacity,     5.91 MB ( 88%) used,   849.56 KB ( 12%) free+waste,     9.50 KB ( <1%) overhead. 

Virtual space:
  Non-class space:        8.00 MB reserved,       6.25 MB ( 78%) committed 
      Class space:        1.00 GB reserved,     768.00 KB ( <1%) committed 
             Both:        1.01 GB reserved,       7.00 MB ( <1%) committed 

Chunk freelists:
   Non-Class:  8.00 KB
       Class:  0 bytes
        Both:  8.00 KB

MaxMetaspaceSize: 17179869184.00 GB
CompressedClassSpaceSize: 1.00 GB

CodeHeap 'non-profiled nmethods': size=120000Kb used=514Kb max_used=514Kb free=119486Kb
 bounds [0x000001e138480000, 0x000001e1386f0000, 0x000001e13f9b0000]
CodeHeap 'profiled nmethods': size=120000Kb used=3529Kb max_used=3529Kb free=116470Kb
 bounds [0x000001e130f50000, 0x000001e1312d0000, 0x000001e138480000]
CodeHeap 'non-nmethods': size=5760Kb used=1170Kb max_used=1217Kb free=4589Kb
 bounds [0x000001e1309b0000, 0x000001e130c20000, 0x000001e130f50000]
 total_blobs=2118 nmethods=1699 adapters=331
 compilation: enabled
              stopped_count=0, restarted_count=0
 full_count=0

Compilation events (20 events):
Event: 33.461 Thread 0x000001e14695b1f0 1658       4       com.sun.xml.bind.v2.model.annotation.RuntimeInlineAnnotationReader::getPackageAnnotation (11 bytes)
Event: 33.469 Thread 0x000001e14695f4b0 1667       3       java.lang.System::lineSeparator (4 bytes)
Event: 33.469 Thread 0x000001e14695f4b0 nmethod 1667 0x000001e1312a1090 code [0x000001e1312a1220, 0x000001e1312a1318]
Event: 33.469 Thread 0x000001e14695f4b0 1668       3       java.lang.String::indexOf (113 bytes)
Event: 33.470 Thread 0x000001e14695f4b0 nmethod 1668 0x000001e1312a1390 code [0x000001e1312a1580, 0x000001e1312a1ae8]
Event: 33.470 Thread 0x000001e14695f4b0 1669       3       jdk.internal.loader.URLClassPath$1::next (59 bytes)
Event: 33.470 Thread 0x000001e14695f4b0 nmethod 1669 0x000001e1312a1c90 code [0x000001e1312a1e60, 0x000001e1312a2258]
Event: 33.471 Thread 0x000001e14695f4b0 1670       3       jdk.internal.misc.Unsafe::getLong (7 bytes)
Event: 33.471 Thread 0x000001e14695f4b0 nmethod 1670 0x000001e1312a2390 code [0x000001e1312a2520, 0x000001e1312a2638]
Event: 33.472 Thread 0x000001e14695f4b0 1672   !   3       java.util.ServiceLoader$LazyClassPathLookupIterator::hasNextService (144 bytes)
Event: 33.474 Thread 0x000001e14695f4b0 nmethod 1672 0x000001e1312a2710 code [0x000001e1312a2a80, 0x000001e1312a3df8]
Event: 33.474 Thread 0x000001e14695f4b0 1673       3       java.lang.reflect.Constructor::<init> (50 bytes)
Event: 33.474 Thread 0x000001e14695f4b0 nmethod 1673 0x000001e1312a4810 code [0x000001e1312a49e0, 0x000001e1312a4e58]
Event: 33.474 Thread 0x000001e14695f4b0 1674       3       java.util.Arrays::copyOf (10 bytes)
Event: 33.474 Thread 0x000001e14695f4b0 nmethod 1674 0x000001e1312a4f90 code [0x000001e1312a5140, 0x000001e1312a5288]
Event: 33.474 Thread 0x000001e14695f4b0 1675       3       java.lang.reflect.Constructor::copy (72 bytes)
Event: 33.475 Thread 0x000001e14695f4b0 nmethod 1675 0x000001e1312a5390 code [0x000001e1312a5560, 0x000001e1312a5918]
Event: 33.475 Thread 0x000001e14695f4b0 1676       3       com.sun.org.apache.xerces.internal.impl.XMLEntityManager::getFeatureDefault (36 bytes)
Event: 33.475 Thread 0x000001e14695f4b0 nmethod 1676 0x000001e1312a5a10 code [0x000001e1312a5be0, 0x000001e1312a5e88]
Event: 33.475 Thread 0x000001e14695f4b0 1677   !   3       com.sun.org.apache.xerces.internal.parsers.AbstractSAXParser::setFeature (586 bytes)

GC Heap History (4 events):
Event: 29.899 GC heap before
{Heap before GC invocations=0 (full 0):
 garbage-first heap   total 129024K, used 13312K [0x0000000082000000, 0x0000000100000000)
  region size 1024K, 13 young (13312K), 0 survivors (0K)
 Metaspace       used 5229K, capacity 6535K, committed 6656K, reserved 1056768K
  class space    used 599K, capacity 702K, committed 768K, reserved 1048576K
}
Event: 29.905 GC heap after
{Heap after GC invocations=1 (full 0):
 garbage-first heap   total 129024K, used 1863K [0x0000000082000000, 0x0000000100000000)
  region size 1024K, 2 young (2048K), 2 survivors (2048K)
 Metaspace       used 5229K, capacity 6535K, committed 6656K, reserved 1056768K
  class space    used 599K, capacity 702K, committed 768K, reserved 1048576K
}
Event: 30.476 GC heap before
{Heap before GC invocations=1 (full 0):
 garbage-first heap   total 129024K, used 19271K [0x0000000082000000, 0x0000000100000000)
  region size 1024K, 19 young (19456K), 2 survivors (2048K)
 Metaspace       used 5764K, capacity 6783K, committed 6912K, reserved 1056768K
  class space    used 604K, capacity 711K, committed 768K, reserved 1048576K
}
Event: 30.482 GC heap after
{Heap after GC invocations=2 (full 0):
 garbage-first heap   total 129024K, used 2620K [0x0000000082000000, 0x0000000100000000)
  region size 1024K, 1 young (1024K), 1 survivors (1024K)
 Metaspace       used 5764K, capacity 6783K, committed 6912K, reserved 1056768K
  class space    used 604K, capacity 711K, committed 768K, reserved 1048576K
}

Deoptimization events (20 events):
Event: 0.089 Thread 0x000001e128780230 DEOPT PACKING pc=0x000001e130f69646 sp=0x000000556bafd7c0
Event: 0.089 Thread 0x000001e128780230 DEOPT UNPACKING pc=0x000001e1309fe23f sp=0x000000556bafcce0 mode 0
Event: 0.089 Thread 0x000001e128780230 DEOPT PACKING pc=0x000001e130f69646 sp=0x000000556bafd7c0
Event: 0.089 Thread 0x000001e128780230 DEOPT UNPACKING pc=0x000001e1309fe23f sp=0x000000556bafcce0 mode 0
Event: 0.095 Thread 0x000001e128780230 DEOPT PACKING pc=0x000001e130f69ef6 sp=0x000000556bafd830
Event: 0.095 Thread 0x000001e128780230 DEOPT UNPACKING pc=0x000001e1309fe23f sp=0x000000556bafccd0 mode 0
Event: 0.096 Thread 0x000001e128780230 DEOPT PACKING pc=0x000001e130f69646 sp=0x000000556bafd7c0
Event: 0.096 Thread 0x000001e128780230 DEOPT UNPACKING pc=0x000001e1309fe23f sp=0x000000556bafcce0 mode 0
Event: 0.110 Thread 0x000001e128780230 Uncommon trap: trap_request=0xffffff45 fr.pc=0x000001e1384844c8 relative=0x0000000000000228
Event: 0.110 Thread 0x000001e128780230 Uncommon trap: reason=unstable_if action=reinterpret pc=0x000001e1384844c8 method=java.lang.String.hashCode()I @ 13 c2
Event: 0.110 Thread 0x000001e128780230 DEOPT PACKING pc=0x000001e1384844c8 sp=0x000000556bafc870
Event: 0.110 Thread 0x000001e128780230 DEOPT UNPACKING pc=0x000001e1309fe42f sp=0x000000556bafc808 mode 2
Event: 29.504 Thread 0x000001e128780230 DEOPT PACKING pc=0x000001e130f73050 sp=0x000000556bafcc50
Event: 29.504 Thread 0x000001e128780230 DEOPT UNPACKING pc=0x000001e1309fe23f sp=0x000000556bafc0f0 mode 0
Event: 29.777 Thread 0x000001e128780230 DEOPT PACKING pc=0x000001e130f6fdc2 sp=0x000000556bafe760
Event: 29.777 Thread 0x000001e128780230 DEOPT UNPACKING pc=0x000001e1309fe23f sp=0x000000556bafdbf0 mode 0
Event: 30.273 Thread 0x000001e128780230 DEOPT PACKING pc=0x000001e130fab25f sp=0x000000556bafe8d0
Event: 30.273 Thread 0x000001e128780230 DEOPT UNPACKING pc=0x000001e1309fe23f sp=0x000000556bafdd20 mode 0
Event: 33.450 Thread 0x000001e128780230 DEOPT PACKING pc=0x000001e13112db6f sp=0x000000556bafeae0
Event: 33.450 Thread 0x000001e128780230 DEOPT UNPACKING pc=0x000001e1309fe23f sp=0x000000556bafe048 mode 0

Classes unloaded (0 events):
No events

Classes redefined (0 events):
No events

Internal exceptions (5 events):
Event: 0.105 Thread 0x000001e128780230 Exception <a 'java/lang/NoSuchMethodError'{0x0000000089a27bd8}: 'java.lang.Object java.lang.invoke.DirectMethodHandle$Holder.invokeStatic(java.lang.Object)'> (0x0000000089a27bd8) 
thrown [./open/src/hotspot/share/interpreter/linkResolver.cpp, line 782]
Event: 0.108 Thread 0x000001e128780230 Exception <a 'java/lang/NoSuchMethodError'{0x0000000089a2d310}: 'java.lang.Object java.lang.invoke.DirectMethodHandle$Holder.invokeStaticInit(java.lang.Object)'> (0x0000000089a2d310) 
thrown [./open/src/hotspot/share/interpreter/linkResolver.cpp, line 782]
Event: 0.120 Thread 0x000001e128780230 Exception <a 'java/lang/NoSuchMethodError'{0x0000000089a4d8a8}: 'void java.lang.invoke.DirectMethodHandle$Holder.invokeStatic(java.lang.Object, java.lang.Object)'> (0x0000000089a4d8a8) 
thrown [./open/src/hotspot/share/interpreter/linkResolver.cpp, line 782]
Event: 29.369 Thread 0x000001e128780230 Exception <a 'java/lang/NoSuchMethodError'{0x0000000089ab9640}: 'void java.lang.invoke.DirectMethodHandle$Holder.invokeSpecial(java.lang.Object, java.lang.Object, java.lang.Object)'> (0x0000000089ab9640) 
thrown [./open/src/hotspot/share/interpreter/linkResolver.cpp, line 782]
Event: 29.464 Thread 0x000001e128780230 Exception <a 'java/lang/NullPointerException'{0x0000000089715520}> (0x0000000089715520) 
thrown [./open/src/hotspot/share/interpreter/linkResolver.cpp, line 1457]

Events (20 events):
Event: 29.799 loading class sun/nio/ch/SocketOptionRegistry
Event: 29.800 loading class sun/nio/ch/SocketOptionRegistry done
Event: 29.800 loading class sun/nio/ch/SocketOptionRegistry$RegistryKey
Event: 29.800 loading class sun/nio/ch/SocketOptionRegistry$RegistryKey done
Event: 29.800 loading class sun/nio/ch/SocketOptionRegistry$LazyInitialization
Event: 29.800 loading class sun/nio/ch/SocketOptionRegistry$LazyInitialization done
Event: 29.800 loading class sun/nio/ch/OptionKey
Event: 29.800 loading class sun/nio/ch/OptionKey done
Event: 29.800 loading class sun/nio/ch/ExtendedSocketOption
Event: 29.800 loading class sun/nio/ch/ExtendedSocketOption done
Event: 29.800 loading class sun/nio/ch/ExtendedSocketOption$1
Event: 29.800 loading class sun/nio/ch/ExtendedSocketOption$1 done
Event: 29.899 Executing VM operation: G1CollectForAllocation
Event: 29.905 Executing VM operation: G1CollectForAllocation done
Event: 30.294 Executing VM operation: ICBufferFull
Event: 30.294 Executing VM operation: ICBufferFull done
Event: 30.476 Executing VM operation: G1CollectForAllocation
Event: 30.482 Executing VM operation: G1CollectForAllocation done
Event: 30.598 Thread 0x000001e147887a60 Thread added: 0x000001e147887a60
Event: 33.350 Thread 0x000001e147887a60 Thread exited: 0x000001e147887a60


Dynamic libraries:
0x00007ff72ea50000 - 0x00007ff72ea5f000 	C:\lang\jdk-15\bin\java.exe
0x00007ff9fa1a0000 - 0x00007ff9fa390000 	C:\Windows\SYSTEM32\ntdll.dll
0x00007ff9f93a0000 - 0x00007ff9f9452000 	C:\Windows\System32\KERNEL32.DLL
0x00007ff9f7110000 - 0x00007ff9f73b5000 	C:\Windows\System32\KERNELBASE.dll
0x00007ff9f75e0000 - 0x00007ff9f76da000 	C:\Windows\System32\ucrtbase.dll
0x00007ff9f3d30000 - 0x00007ff9f3d49000 	C:\lang\jdk-15\bin\VCRUNTIME140.dll
0x00007ff9bf8f0000 - 0x00007ff9bf908000 	C:\lang\jdk-15\bin\jli.dll
0x00007ff9f9770000 - 0x00007ff9f9813000 	C:\Windows\System32\ADVAPI32.dll
0x00007ff9f8250000 - 0x00007ff9f82ee000 	C:\Windows\System32\msvcrt.dll
0x00007ff9fa0c0000 - 0x00007ff9fa157000 	C:\Windows\System32\sechost.dll
0x00007ff9f9510000 - 0x00007ff9f962f000 	C:\Windows\System32\RPCRT4.dll
0x00007ff9f90a0000 - 0x00007ff9f9234000 	C:\Windows\System32\USER32.dll
0x00007ff9e4b40000 - 0x00007ff9e4dc4000 	C:\Windows\WinSxS\amd64_microsoft.windows.common-controls_6595b64144ccf1df_6.0.18362.1440_none_9e7dbfb9e45e8e67\COMCTL32.dll
0x00007ff9f7590000 - 0x00007ff9f75b1000 	C:\Windows\System32\win32u.dll
0x00007ff9f9910000 - 0x00007ff9f9c46000 	C:\Windows\System32\combase.dll
0x00007ff9f8c20000 - 0x00007ff9f8c46000 	C:\Windows\System32\GDI32.dll
0x00007ff9f73f0000 - 0x00007ff9f7471000 	C:\Windows\System32\bcryptPrimitives.dll
0x00007ff9f7eb0000 - 0x00007ff9f8048000 	C:\Windows\System32\gdi32full.dll
0x00007ff9f81b0000 - 0x00007ff9f824e000 	C:\Windows\System32\msvcp_win.dll
0x00007ff9f0a00000 - 0x00007ff9f0a0a000 	C:\Windows\SYSTEM32\VERSION.dll
0x00007ff9f9000000 - 0x00007ff9f902e000 	C:\Windows\System32\IMM32.DLL
0x00007ff9f3d80000 - 0x00007ff9f3d8c000 	C:\lang\jdk-15\bin\vcruntime140_1.dll
0x00007ff9d29c0000 - 0x00007ff9d2a51000 	C:\lang\jdk-15\bin\msvcp140.dll
0x00007ff9b3d90000 - 0x00007ff9b48ec000 	C:\lang\jdk-15\bin\server\jvm.dll
0x00007ff9f8ff0000 - 0x00007ff9f8ff8000 	C:\Windows\System32\PSAPI.DLL
0x00007ff9f3da0000 - 0x00007ff9f3da9000 	C:\Windows\SYSTEM32\WSOCK32.dll
0x00007ff9f9820000 - 0x00007ff9f988f000 	C:\Windows\System32\WS2_32.dll
0x00007ff9eef40000 - 0x00007ff9eef64000 	C:\Windows\SYSTEM32\WINMM.dll
0x00007ff9eef10000 - 0x00007ff9eef3d000 	C:\Windows\SYSTEM32\WINMMBASE.dll
0x00007ff9f7e60000 - 0x00007ff9f7eaa000 	C:\Windows\System32\cfgmgr32.dll
0x00007ff9f7060000 - 0x00007ff9f7071000 	C:\Windows\System32\kernel.appcore.dll
0x00007ff9f3d20000 - 0x00007ff9f3d2a000 	C:\lang\jdk-15\bin\jimage.dll
0x00007ff9e54a0000 - 0x00007ff9e5694000 	C:\Windows\SYSTEM32\DBGHELP.DLL
0x00007ff9e5000000 - 0x00007ff9e502a000 	C:\Windows\SYSTEM32\dbgcore.DLL
0x00007ff9ef250000 - 0x00007ff9ef275000 	C:\lang\jdk-15\bin\java.dll
0x00007ff9f84b0000 - 0x00007ff9f8b98000 	C:\Windows\System32\SHELL32.dll
0x00007ff9f8f40000 - 0x00007ff9f8fe7000 	C:\Windows\System32\shcore.dll
0x00007ff9f76e0000 - 0x00007ff9f7e5b000 	C:\Windows\System32\windows.storage.dll
0x00007ff9f70f0000 - 0x00007ff9f710e000 	C:\Windows\System32\profapi.dll
0x00007ff9f7080000 - 0x00007ff9f70ca000 	C:\Windows\System32\powrprof.dll
0x00007ff9f7050000 - 0x00007ff9f7060000 	C:\Windows\System32\UMPDC.dll
0x00007ff9f8d20000 - 0x00007ff9f8d72000 	C:\Windows\System32\shlwapi.dll
0x00007ff9f75c0000 - 0x00007ff9f75d7000 	C:\Windows\System32\cryptsp.dll
0x00007ff9f2ac0000 - 0x00007ff9f2ad9000 	C:\lang\jdk-15\bin\net.dll
0x00007ff9ecdc0000 - 0x00007ff9eceba000 	C:\Windows\SYSTEM32\WINHTTP.dll
0x00007ff9f6890000 - 0x00007ff9f68f7000 	C:\Windows\system32\mswsock.dll
0x00007ff9ef230000 - 0x00007ff9ef242000 	C:\lang\jdk-15\bin\nio.dll
0x00007ff9ef210000 - 0x00007ff9ef228000 	C:\lang\jdk-15\bin\zip.dll

dbghelp: loaded successfully - version: 4.0.5 - missing functions: none
symbol engine: initialized successfully - sym options: 0x614 - pdb path: .;C:\lang\jdk-15\bin;C:\Windows\SYSTEM32;C:\Windows\WinSxS\amd64_microsoft.windows.common-controls_6595b64144ccf1df_6.0.18362.1440_none_9e7dbfb9e45e8e67;C:\lang\jdk-15\bin\server

VM Arguments:
jvm_args: -Dfile.encoding=UTF-8 
java_command: is_tp1_sockets.IS_TP1_ServerSocketCow
java_class_path (initial): C:\Program Files\NetBeans-12.3\netbeans\ide\modules\ext\jaxb\jaxb-impl.jar;C:\Program Files\NetBeans-12.3\netbeans\ide\modules\ext\jaxb\jaxb-xjc.jar;C:\Program Files\NetBeans-12.3\netbeans\ide\modules\ext\jaxb\activation.jar;C:\Program Files\NetBeans-12.3\netbeans\ide\modules\ext\jaxb\api\jaxb-api.jar;C:\Users\Albuquerque\Documents\GitHub\IS\LAB1\IS_TP1_Sockets\build\classes
Launcher Type: SUN_STANDARD

[Global flags]
     intx CICompilerCount                          = 3                                         {product} {ergonomic}
     uint ConcGCThreads                            = 1                                         {product} {ergonomic}
     uint G1ConcRefinementThreads                  = 4                                         {product} {ergonomic}
   size_t G1HeapRegionSize                         = 1048576                                   {product} {ergonomic}
    uintx GCDrainStackTargetSize                   = 64                                        {product} {ergonomic}
   size_t InitialHeapSize                          = 132120576                                 {product} {ergonomic}
   size_t MarkStackSize                            = 4194304                                   {product} {ergonomic}
   size_t MaxHeapSize                              = 2113929216                                {product} {ergonomic}
   size_t MaxNewSize                               = 1267728384                                {product} {ergonomic}
   size_t MinHeapDeltaBytes                        = 1048576                                   {product} {ergonomic}
   size_t MinHeapSize                              = 8388608                                   {product} {ergonomic}
    uintx NonNMethodCodeHeapSize                   = 5832780                                {pd product} {ergonomic}
    uintx NonProfiledCodeHeapSize                  = 122912730                              {pd product} {ergonomic}
    uintx ProfiledCodeHeapSize                     = 122912730                              {pd product} {ergonomic}
    uintx ReservedCodeCacheSize                    = 251658240                              {pd product} {ergonomic}
     bool SegmentedCodeCache                       = true                                      {product} {ergonomic}
   size_t SoftMaxHeapSize                          = 2113929216                             {manageable} {ergonomic}
     bool UseCompressedClassPointers               = true                                 {lp64_product} {ergonomic}
     bool UseCompressedOops                        = true                                 {lp64_product} {ergonomic}
     bool UseG1GC                                  = true                                      {product} {ergonomic}
     bool UseLargePagesIndividualAllocation        = false                                  {pd product} {ergonomic}

Logging:
Log output configuration:
 #0: stdout all=warning uptime,level,tags
 #1: stderr all=off uptime,level,tags

Environment Variables:
JAVA_HOME=C:\lang\jdk-15
PATH=C:\Program Files\Common Files\Oracle\Java\javapath;C:\lang\jdk-15\bin;C:\Program Files\Java\jdk1.8.0_231\bin;C:\Program Files (x86)\Intel\iCLS Client\;C:\Program Files\Intel\iCLS Client\;C:\Windows\system32;C:\Windows;C:\Windows\System32\Wbem;C:\Windows\System32\WindowsPowerShell\v1.0\;C:\Windows\System32\OpenSSH\;C:\lang\swipl\bin\bin;C:\Program Files\Microchip\xc8\v2.32\bin;C:\Program Files\dotnet\;C:\Users\Albuquerque\AppData\Local\Microsoft\WindowsApps;C:\Users\Albuquerque\AppData\Local\GitHubDesktop\bin;C:\Users\Albuquerque\.dotnet\tools
USERNAME=Albuquerque
OS=Windows_NT
PROCESSOR_IDENTIFIER=Intel64 Family 6 Model 78 Stepping 3, GenuineIntel



---------------  S Y S T E M  ---------------

OS:
 Windows 10 , 64 bit Build 18362 (10.0.18362.1350)
OS uptime: 1 days 10:09 hours

CPU: total 4 (initial active 4) (2 cores per cpu, 2 threads per core) family 6 model 78 stepping 3, cmov, cx8, fxsr, mmx, sse, sse2, sse3, ssse3, sse4.1, sse4.2, popcnt, vzeroupper, avx, avx2, aes, clmul, erms, rtm, 3dnowpref, lzcnt, ht, tsc, tscinvbit, bmi1, bmi2, adx, fma, clflush, clflushopt

Memory: 4k page, system-wide physical 8056M (1006M free)
TotalPageFile size 12044M (AvailPageFile size 8M)
current process WorkingSet (physical memory assigned to process): 78M, peak: 80M
current process commit charge ("private bytes"): 223M, peak: 226M

vm_info: Java HotSpot(TM) 64-Bit Server VM (15+36-1562) for windows-amd64 JRE (15+36-1562), built on Aug 11 2020 22:38:02 by "mach5one" with unknown MS VC++:1925

END.
